<?xml version="1.0" encoding="UTF-8"?>
<testng-results ignored="0" total="1" passed="1" failed="0" skipped="0">
  <reporter-output>
  </reporter-output>
  <suite started-at="2024-03-18T20:22:40 IST" name="Default suite" finished-at="2024-03-18T20:22:48 IST" duration-ms="8906">
    <groups>
    </groups>
    <test started-at="2024-03-18T20:22:40 IST" name="Default test" finished-at="2024-03-18T20:22:48 IST" duration-ms="8906">
      <class name="POMTests.LoginTest">
        <test-method is-config="true" signature="Setup()[pri:0, instance:POMTests.LoginTest@3646a422]" started-at="2024-03-18T20:22:40 IST" name="Setup" finished-at="2024-03-18T20:22:48 IST" duration-ms="8362" status="PASS">
          <reporter-output>
          </reporter-output>
        </test-method> <!-- Setup -->
        <test-method signature="Login()[pri:1, instance:POMTests.LoginTest@3646a422]" started-at="2024-03-18T20:22:48 IST" name="Login" finished-at="2024-03-18T20:22:48 IST" duration-ms="432" status="PASS">
          <reporter-output>
          </reporter-output>
        </test-method> <!-- Login -->
      </class> <!-- POMTests.LoginTest -->
    </test> <!-- Default test -->
  </suite> <!-- Default suite -->
</testng-results>
